<?xml version="1.0" encoding="UTF-8"?>
<!-- Generated by org.testng.reporters.JUnitXMLReporter -->
<testsuite hostname="DESKTOP-D57A3PS" failures="1" tests="1" name="validating title in page" time="41.708" errors="0" timestamp="3 Oct 2021 07:28:42 GMT">
  <testcase classname="Academy.E2Eproject1.validateTitle" name="basePageNavigation" time="3.363">
    <failure type="java.lang.AssertionError" message="expected [FEATUREDa COURSES] but found [FEATURED COURSES]">
      <![CDATA[java.lang.AssertionError: expected [FEATUREDa COURSES] but found [FEATURED COURSES]
	at Academy.E2Eproject1.validateTitle.basePageNavigation(validateTitle.java:32)
	at java.base/java.util.concurrent.FutureTask.run(FutureTask.java:264)
	at java.base/java.util.concurrent.ThreadPoolExecutor.runWorker(ThreadPoolExecutor.java:1128)
	at java.base/java.util.concurrent.ThreadPoolExecutor$Worker.run(ThreadPoolExecutor.java:628)
	at java.base/java.lang.Thread.run(Thread.java:830)
... Removed 21 stack frames]]>
    </failure>
  </testcase> <!-- basePageNavigation -->
</testsuite> <!-- validating title in page -->
